<?xml version="1.0" encoding="UTF-8"?>
<testsuite xmlns:xsi="http://www.w3.org/2001/XMLSchema-instance" xsi:noNamespaceSchemaLocation="https://maven.apache.org/surefire/maven-surefire-plugin/xsd/surefire-test-report-3.0.xsd" version="3.0" name="com.shruti.springbootdemo.SpringBootDemoApplicationTests" time="1.279" tests="1" errors="0" skipped="0" failures="0">
  <properties>
[...]
</properties>
  <testcase name="contextLoads" classname="com.shruti.springbootdemo.SpringBootDemoApplicationTests" time="0.475">
    <system-out><![CDATA[05:25:05.322 [main] INFO org.springframework.test.context.support.AnnotationConfigContextLoaderUtils -- Could not detect default configuration classes for test class [com.shruti.springbootdemo.SpringBootDemoApplicationTests]: SpringBootDemoApplicationTests does not declare any static, non-private, non-final, nested classes annotated with @Configuration.
05:25:05.370 [main] INFO org.springframework.boot.test.context.SpringBootTestContextBootstrapper -- Found @SpringBootConfiguration com.shruti.springbootdemo.SpringBootDemoApplication for test class com.shruti.springbootdemo.SpringBootDemoApplicationTests

  .   ____          _            __ _ _
 /\\ / ___'_ __ _ _(_)_ __  __ _ \ \ \ \
( ( )\___ | '_ | '_| | '_ \/ _` | \ \ \ \
 \\/  ___)| |_)| | | | | || (_| |  ) ) ) )
  '  |____| .__|_| |_|_| |_\__, | / / / /
 =========|_|==============|___/=/_/_/_/
 :: Spring Boot ::                (v3.2.5)

2024-05-03T05:25:05.538+05:30  INFO 92813 --- [spring-boot-demo] [           main] c.s.s.SpringBootDemoApplicationTests     : Starting SpringBootDemoApplicationTests using Java 21.0.2 with PID 92813 (started by shrutisaxena in /Users/shrutisaxena/Downloads/spring-boot-demo)
2024-05-03T05:25:05.538+05:30  INFO 92813 --- [spring-boot-demo] [           main] c.s.s.SpringBootDemoApplicationTests     : No active profile set, falling back to 1 default profile: "default"
2024-05-03T05:25:06.023+05:30  INFO 92813 --- [spring-boot-demo] [           main] c.s.s.SpringBootDemoApplicationTests     : Started SpringBootDemoApplicationTests in 0.589 seconds (process running for 1.072)
]]></system-out>
    <system-err><![CDATA[WARNING: A Java agent has been loaded dynamically (/Users/shrutisaxena/.m2/repository/net/bytebuddy/byte-buddy-agent/1.14.13/byte-buddy-agent-1.14.13.jar)
WARNING: If a serviceability tool is in use, please run with -XX:+EnableDynamicAgentLoading to hide this warning
WARNING: If a serviceability tool is not in use, please run with -Djdk.instrument.traceUsage for more information
WARNING: Dynamic loading of agents will be disallowed by default in a future release
]]></system-err>
  </testcase>
</testsuite>